Drill report for Transformerless power supply.kicad_pcb
Created on 2026-06-22T10:32:23

Copper Layer Stackup:
    =============================================================
    L1 :  F.Cu                      front
    L2 :  B.Cu                      back


Drill file 'Transformerless power supply-PTH-drl.gbr' contains
    plated through holes:
    =============================================================
    T1  0.700mm  0.0276"  (8 holes))
    T2  0.750mm  0.0295"  (4 holes))
    T3  0.800mm  0.0315"  (2 holes))
    T4  0.900mm  0.0354"  (10 holes))
    T5  1.000mm  0.0394"  (4 holes))
    T6  1.100mm  0.0433"  (3 holes))
    T7  1.200mm  0.0472"  (2 holes))
    T8  1.300mm  0.0512"  (4 holes))

    Total plated holes count 37


Drill file 'Transformerless power supply-NPTH-drl.gbr' contains
    unplated through holes:
    =============================================================

    Total unplated holes count 0
